<?xml version="1.0" encoding="UTF-8"?>
<!-- Generated by org.testng.reporters.JUnitReportReporter -->
<testsuite hostname="LAPTOP-MRVI2C8P" name="DifferentConcepts.Scroll_Learning" tests="1" failures="0" timestamp="3 Feb 2023 00:03:45 GMT" time="3.037" errors="0">
  <testcase name="testScroll" time="3.037" classname="DifferentConcepts.Scroll_Learning"/>
</testsuite> <!-- DifferentConcepts.Scroll_Learning -->
